# JRE version: Java(TM) SE Runtime Environment (7.0_75-b13) (build 1.7.0_75-b13)
# Java VM: Java HotSpot(TM) 64-Bit Server VM (24.75-b04 mixed mode linux-amd64 compressed oops)
Heap
 PSYoungGen      total 595968K, used 504899K [0x00000007d6c80000, 0x0000000800000000, 0x0000000800000000)
  eden space 526848K, 88% used [0x00000007d6c80000,0x00000007f3644bf0,0x00000007f6f00000)
  from space 69120K, 52% used [0x00000007f6f00000,0x00000007f924c3f8,0x00000007fb280000)
  to   space 69120K, 0% used [0x00000007fbc80000,0x00000007fbc80000,0x0000000800000000)
 ParOldGen       total 276992K, used 189460K [0x0000000784600000, 0x0000000795480000, 0x00000007d6c80000)
  object space 276992K, 68% used [0x0000000784600000,0x000000078ff051b0,0x0000000795480000)
 PSPermGen       total 23552K, used 17792K [0x000000077f400000, 0x0000000780b00000, 0x0000000784600000)
  object space 23552K, 75% used [0x000000077f400000,0x00000007805601c8,0x0000000780b00000)
GC Heap History (10 events):
Event: 23.303 GC heap before
{Heap before GC invocations=13 (full 2):
 PSYoungGen      total 416768K, used 366592K [0x00000007d6c80000, 0x00000007f6b80000, 0x0000000800000000)
  eden space 366592K, 100% used [0x00000007d6c80000,0x00000007ed280000,0x00000007ed280000)
  from space 50176K, 0% used [0x00000007f2d80000,0x00000007f2d80000,0x00000007f5e80000)
  to   space 78336K, 0% used [0x00000007ed280000,0x00000007ed280000,0x00000007f1f00000)
 ParOldGen       total 276992K, used 164833K [0x0000000784600000, 0x0000000795480000, 0x00000007d6c80000)
  object space 276992K, 59% used [0x0000000784600000,0x000000078e6f8610,0x0000000795480000)
 PSPermGen       total 23552K, used 16849K [0x000000077f400000, 0x0000000780b00000, 0x0000000784600000)
  object space 23552K, 71% used [0x000000077f400000,0x00000007804745e8,0x0000000780b00000)
Event: 23.450 GC heap after
Heap after GC invocations=13 (full 2):
 PSYoungGen      total 444928K, used 32156K [0x00000007d6c80000, 0x00000007fcd80000, 0x0000000800000000)
  eden space 366592K, 0% used [0x00000007d6c80000,0x00000007d6c80000,0x00000007ed280000)
  from space 78336K, 41% used [0x00000007ed280000,0x00000007ef1e7200,0x00000007f1f00000)
  to   space 74752K, 0% used [0x00000007f8480000,0x00000007f8480000,0x00000007fcd80000)
 ParOldGen       total 276992K, used 164833K [0x0000000784600000, 0x0000000795480000, 0x00000007d6c80000)
  object space 276992K, 59% used [0x0000000784600000,0x000000078e6f8610,0x0000000795480000)
 PSPermGen       total 23552K, used 16849K [0x000000077f400000, 0x0000000780b00000, 0x0000000784600000)
  object space 23552K, 71% used [0x000000077f400000,0x00000007804745e8,0x0000000780b00000)
}
Event: 25.812 GC heap before
{Heap before GC invocations=14 (full 2):
 PSYoungGen      total 444928K, used 398748K [0x00000007d6c80000, 0x00000007fcd80000, 0x0000000800000000)
  eden space 366592K, 100% used [0x00000007d6c80000,0x00000007ed280000,0x00000007ed280000)
  from space 78336K, 41% used [0x00000007ed280000,0x00000007ef1e7200,0x00000007f1f00000)
  to   space 74752K, 0% used [0x00000007f8480000,0x00000007f8480000,0x00000007fcd80000)
 ParOldGen       total 276992K, used 164833K [0x0000000784600000, 0x0000000795480000, 0x00000007d6c80000)
  object space 276992K, 59% used [0x0000000784600000,0x000000078e6f8610,0x0000000795480000)
 PSPermGen       total 23552K, used 16915K [0x000000077f400000, 0x0000000780b00000, 0x0000000784600000)
  object space 23552K, 71% used [0x000000077f400000,0x0000000780484c40,0x0000000780b00000)
Event: 25.962 GC heap after
Heap after GC invocations=14 (full 2):
 PSYoungGen      total 546816K, used 1060K [0x00000007d6c80000, 0x00000007fcc80000, 0x0000000800000000)
  eden space 473088K, 0% used [0x00000007d6c80000,0x00000007d6c80000,0x00000007f3a80000)
  from space 73728K, 1% used [0x00000007f8480000,0x00000007f8589360,0x00000007fcc80000)
  to   space 74752K, 0% used [0x00000007f3a80000,0x00000007f3a80000,0x00000007f8380000)
 ParOldGen       total 276992K, used 189428K [0x0000000784600000, 0x0000000795480000, 0x00000007d6c80000)
  object space 276992K, 68% used [0x0000000784600000,0x000000078fefd1b0,0x0000000795480000)
 PSPermGen       total 23552K, used 16915K [0x000000077f400000, 0x0000000780b00000, 0x0000000784600000)
  object space 23552K, 71% used [0x000000077f400000,0x0000000780484c40,0x0000000780b00000)
}
Event: 65.606 GC heap before
{Heap before GC invocations=15 (full 2):
 PSYoungGen      total 546816K, used 474148K [0x00000007d6c80000, 0x00000007fcc80000, 0x0000000800000000)
  eden space 473088K, 100% used [0x00000007d6c80000,0x00000007f3a80000,0x00000007f3a80000)
  from space 73728K, 1% used [0x00000007f8480000,0x00000007f8589360,0x00000007fcc80000)
  to   space 74752K, 0% used [0x00000007f3a80000,0x00000007f3a80000,0x00000007f8380000)
 ParOldGen       total 276992K, used 189428K [0x0000000784600000, 0x0000000795480000, 0x00000007d6c80000)
  object space 276992K, 68% used [0x0000000784600000,0x000000078fefd1b0,0x0000000795480000)
 PSPermGen       total 23552K, used 17613K [0x000000077f400000, 0x0000000780b00000, 0x0000000784600000)
  object space 23552K, 74% used [0x000000077f400000,0x00000007805335d8,0x0000000780b00000)
Event: 65.615 GC heap after
Heap after GC invocations=15 (full 2):
 PSYoungGen      total 547840K, used 5398K [0x00000007d6c80000, 0x00000007fff00000, 0x0000000800000000)
  eden space 473088K, 0% used [0x00000007d6c80000,0x00000007d6c80000,0x00000007f3a80000)
  from space 74752K, 7% used [0x00000007f3a80000,0x00000007f3fc58b0,0x00000007f8380000)
  to   space 73728K, 0% used [0x00000007fb700000,0x00000007fb700000,0x00000007fff00000)
 ParOldGen       total 276992K, used 189460K [0x0000000784600000, 0x0000000795480000, 0x00000007d6c80000)
  object space 276992K, 68% used [0x0000000784600000,0x000000078ff051b0,0x0000000795480000)
 PSPermGen       total 23552K, used 17613K [0x000000077f400000, 0x0000000780b00000, 0x0000000784600000)
  object space 23552K, 74% used [0x000000077f400000,0x00000007805335d8,0x0000000780b00000)
}
Event: 95.609 GC heap before
{Heap before GC invocations=16 (full 2):
 PSYoungGen      total 547840K, used 478486K [0x00000007d6c80000, 0x00000007fff00000, 0x0000000800000000)
  eden space 473088K, 100% used [0x00000007d6c80000,0x00000007f3a80000,0x00000007f3a80000)
  from space 74752K, 7% used [0x00000007f3a80000,0x00000007f3fc58b0,0x00000007f8380000)
  to   space 73728K, 0% used [0x00000007fb700000,0x00000007fb700000,0x00000007fff00000)
 ParOldGen       total 276992K, used 189460K [0x0000000784600000, 0x0000000795480000, 0x00000007d6c80000)
  object space 276992K, 68% used [0x0000000784600000,0x000000078ff051b0,0x0000000795480000)
 PSPermGen       total 23552K, used 17711K [0x000000077f400000, 0x0000000780b00000, 0x0000000784600000)
  object space 23552K, 75% used [0x000000077f400000,0x000000078054bf28,0x0000000780b00000)
Event: 95.637 GC heap after
Heap after GC invocations=16 (full 2):
 PSYoungGen      total 591360K, used 20638K [0x00000007d6c80000, 0x00000007ff600000, 0x0000000800000000)
  eden space 526848K, 0% used [0x00000007d6c80000,0x00000007d6c80000,0x00000007f6f00000)
  from space 64512K, 31% used [0x00000007fb700000,0x00000007fcb279b8,0x00000007ff600000)
  to   space 69120K, 0% used [0x00000007f6f00000,0x00000007f6f00000,0x00000007fb280000)
 ParOldGen       total 276992K, used 189460K [0x0000000784600000, 0x0000000795480000, 0x00000007d6c80000)
  object space 276992K, 68% used [0x0000000784600000,0x000000078ff051b0,0x0000000795480000)
 PSPermGen       total 23552K, used 17711K [0x000000077f400000, 0x0000000780b00000, 0x0000000784600000)
  object space 23552K, 75% used [0x000000077f400000,0x000000078054bf28,0x0000000780b00000)
}
Event: 163.566 GC heap before
{Heap before GC invocations=17 (full 2):
 PSYoungGen      total 591360K, used 547486K [0x00000007d6c80000, 0x00000007ff600000, 0x0000000800000000)
  eden space 526848K, 100% used [0x00000007d6c80000,0x00000007f6f00000,0x00000007f6f00000)
  from space 64512K, 31% used [0x00000007fb700000,0x00000007fcb279b8,0x00000007ff600000)
  to   space 69120K, 0% used [0x00000007f6f00000,0x00000007f6f00000,0x00000007fb280000)
 ParOldGen       total 276992K, used 189460K [0x0000000784600000, 0x0000000795480000, 0x00000007d6c80000)
  object space 276992K, 68% used [0x0000000784600000,0x000000078ff051b0,0x0000000795480000)
 PSPermGen       total 23552K, used 17772K [0x000000077f400000, 0x0000000780b00000, 0x0000000784600000)
  object space 23552K, 75% used [0x000000077f400000,0x000000078055b070,0x0000000780b00000)
Event: 163.599 GC heap after
Heap after GC invocations=17 (full 2):
 PSYoungGen      total 595968K, used 36144K [0x00000007d6c80000, 0x0000000800000000, 0x0000000800000000)
  eden space 526848K, 0% used [0x00000007d6c80000,0x00000007d6c80000,0x00000007f6f00000)
  from space 69120K, 52% used [0x00000007f6f00000,0x00000007f924c3f8,0x00000007fb280000)
  to   space 69120K, 0% used [0x00000007fbc80000,0x00000007fbc80000,0x0000000800000000)
 ParOldGen       total 276992K, used 189460K [0x0000000784600000, 0x0000000795480000, 0x00000007d6c80000)
  object space 276992K, 68% used [0x0000000784600000,0x000000078ff051b0,0x0000000795480000)
 PSPermGen       total 23552K, used 17772K [0x000000077f400000, 0x0000000780b00000, 0x0000000784600000)
  object space 23552K, 75% used [0x000000077f400000,0x000000078055b070,0x0000000780b00000)
}

